{"level":"error","message":"PrismaClient is not defined - GET /users","timestamp":"2025-01-15T09:42:50.690Z"}
{"level":"error","message":"PrismaClient is not defined - GET /users","timestamp":"2025-01-22T08:44:09.206Z"}
{"level":"error","message":"PrismaClient is not defined - GET /hosts","timestamp":"2025-01-22T08:46:12.410Z"}
{"level":"error","message":"Cannot destructure property 'userId' of 'req.body' as it is undefined. - GET /reviews","timestamp":"2025-01-22T08:47:12.910Z"}
{"level":"error","message":"Cannot destructure property 'name' of 'req.body' as it is undefined. - POST /amenities","timestamp":"2025-01-22T09:07:30.706Z"}
{"level":"error","message":"Cannot destructure property 'name' of 'req.body' as it is undefined. - POST /amenities","timestamp":"2025-01-22T09:10:53.514Z"}
{"level":"error","message":"Cannot destructure property 'name' of 'req.body' as it is undefined. - POST /amenities?Content-Type=application/json","timestamp":"2025-01-22T09:12:07.985Z"}
{"level":"error","message":"Cannot destructure property 'name' of 'req.body' as it is undefined. - PUT /amenities/l4567890-12gh-ijkl-1234-56789abcdef0","timestamp":"2025-01-22T09:13:27.016Z"}
{"level":"error","message":"Cannot destructure property 'name' of 'req.body' as it is undefined. - PUT /amenities/l4567890-12gh-ijkl-1234-56789abcdef0","timestamp":"2025-01-22T09:13:30.211Z"}
{"level":"error","message":"Cannot destructure property 'name' of 'req.body' as it is undefined. - PUT /amenities/l4567890-12gh-ijkl-1234-56789abcdef0","timestamp":"2025-01-22T09:13:53.795Z"}
{"level":"error","message":"\nInvalid `prisma.booking.update()` invocation:\n\n{\n  where: {\n    id: \"f0123456-78ab-cdef-0123-456789abcdef\"\n  },\n+ data: BookingUpdateInput | BookingUncheckedUpdateInput\n}\n\nArgument `data` is missing. - PUT /bookings/f0123456-78ab-cdef-0123-456789abcdef","timestamp":"2025-01-22T09:16:03.321Z"}
{"level":"error","message":"\nInvalid `prisma.booking.create()` invocation:\n\n\nForeign key constraint violated: `foreign key` - POST /bookings","timestamp":"2025-01-22T09:22:04.333Z"}
{"level":"error","message":"User with id 1 does not exist. - POST /bookings","timestamp":"2025-01-22T09:25:14.355Z"}
{"level":"error","message":"Property with id 1 does not exist. - POST /bookings","timestamp":"2025-01-22T09:25:40.048Z"}
{"level":"error","message":"\nInvalid `prisma.booking.delete()` invocation:\n\n\nAn operation failed because it depends on one or more records that were required but not found. Record to delete does not exist. - DELETE /bookings/f0123456-78ab-cdef-0123-456789abcdef","timestamp":"2025-01-22T09:26:57.056Z"}
{"level":"error","message":"Booking with id f0123456-78ab-cdef-0123-456789abcdef not found. - DELETE /bookings/f0123456-78ab-cdef-0123-456789abcdef","timestamp":"2025-01-22T09:29:07.818Z"}
{"level":"error","message":"Unexpected non-whitespace character after JSON at position 365 - POST /hosts/","timestamp":"2025-01-22T09:32:03.350Z"}
{"level":"error","message":"\nInvalid `prisma.host.delete()` invocation:\n\n\nForeign key constraint violated: `foreign key` - DELETE /hosts/b5678901-23ef-0123-4567-89abcdef0123","timestamp":"2025-01-22T09:38:23.362Z"}
{"level":"error","message":"\nInvalid `prisma.property.deleteMany()` invocation:\n\n\nForeign key constraint violated: `foreign key` - DELETE /hosts/b5678901-23ef-0123-4567-89abcdef0123","timestamp":"2025-01-22T09:41:33.647Z"}
{"level":"error","message":"\nInvalid `prisma.property.delete()` invocation:\n\n{\n  where: {\n    hostId: \"b5678901-23ef-0123-4567-89abcdef0123\",\n?   id?: String,\n?   AND?: PropertyWhereInput | PropertyWhereInput[],\n?   OR?: PropertyWhereInput[],\n?   NOT?: PropertyWhereInput | PropertyWhereInput[],\n?   title?: StringFilter | String,\n?   description?: StringFilter | String,\n?   location?: StringFilter | String,\n?   pricePerNight?: FloatFilter | Float,\n?   bedroomCount?: IntFilter | Int,\n?   bathRoomCount?: IntFilter | Int,\n?   maxGuestCount?: IntFilter | Int,\n?   rating?: IntFilter | Int,\n?   reviews?: ReviewListRelationFilter,\n?   bookings?: BookingListRelationFilter,\n?   amenities?: AmenityListRelationFilter,\n?   host?: HostScalarRelationFilter | HostWhereInput\n  }\n}\n\nArgument `where` of type PropertyWhereUniqueInput needs at least one of `id` arguments. Available options are marked with ?. - DELETE /hosts/b5678901-23ef-0123-4567-89abcdef0123","timestamp":"2025-01-22T09:42:05.699Z"}
{"level":"error","message":"\nInvalid `prisma.property.deleteMany()` invocation:\n\n\nForeign key constraint violated: `foreign key` - DELETE /hosts/b5678901-23ef-0123-4567-89abcdef0123","timestamp":"2025-01-22T09:42:52.446Z"}
{"level":"error","message":"\nInvalid `prisma.property.deleteMany()` invocation:\n\n\nForeign key constraint violated: `foreign key` - DELETE /hosts/b5678901-23ef-0123-4567-89abcdef0123","timestamp":"2025-01-22T10:10:00.135Z"}
{"level":"error","message":"Expected ',' or '}' after property value in JSON at position 439 - PUT /properties/g9012345-67ef-0123-4567-89abcdef0123","timestamp":"2025-01-22T10:14:59.022Z"}
{"level":"error","message":"Expected double-quoted property name in JSON at position 436 - PUT /properties/g9012345-67ef-0123-4567-89abcdef0123","timestamp":"2025-01-22T10:15:21.887Z"}
{"level":"error","message":"\nInvalid `prisma.property.delete()` invocation:\n\n\nForeign key constraint violated: `foreign key` - DELETE /properties/k3456789-01f2-3456-789a-bcdef0123456","timestamp":"2025-01-22T10:17:24.549Z"}
{"level":"error","message":"\nInvalid `prisma.user.findUniqueOrThrow()` invocation:\n\n{\n  where: \"a1234567-89ab-cdef-0123-456789abcdef\"\n         ~~~~~~~~~~~~~~~~~~~~~~~~~~~~~~~~~~~~~~\n}\n\nArgument `where`: Invalid value provided. Expected UserWhereUniqueInput, provided String. - GET /users/a1234567-89ab-cdef-0123-456789abcdef","timestamp":"2025-01-22T10:22:54.584Z"}
{"level":"error","message":"Unexpected non-whitespace character after JSON at position 346 - POST /users/","timestamp":"2025-01-22T10:28:42.891Z"}
{"level":"error","message":"\nInvalid `prisma.user.delete()` invocation:\n\n\nForeign key constraint violated: `foreign key` - DELETE /users/e5678901-23f0-1234-5678-9abcdef01234","timestamp":"2025-01-22T10:30:18.345Z"}
{"level":"error","message":"\nInvalid `prisma.amenity.update()` invocation:\n\n\nAn operation failed because it depends on one or more records that were required but not found. Record to update not found. - PUT /amenities/l4567890-12gh-ijkl-1234-56789abcdef0","timestamp":"2025-01-22T10:33:28.981Z"}
{"level":"error","message":"Host with id b5678901-23ef-0123-4567-89abcdef012 not found. - DELETE /hosts/b5678901-23ef-0123-4567-89abcdef012","timestamp":"2025-01-22T10:36:16.764Z"}
{"level":"error","message":"\nInvalid `prisma.property.deleteMany()` invocation:\n\n\nForeign key constraint violated: `foreign key` - DELETE /hosts/c4567890-12de-f012-3456-789abcdef012","timestamp":"2025-01-22T10:36:33.592Z"}
{"level":"error","message":"\nInvalid `prisma.property.deleteMany()` invocation:\n\n\nForeign key constraint violated: `foreign key` - DELETE /hosts/c4567890-12de-f012-3456-789abcdef012","timestamp":"2025-01-22T10:37:36.442Z"}
{"level":"error","message":"\nInvalid `prisma.property.delete()` invocation:\n\n{\n  where: {\n    hostId: \"c4567890-12de-f012-3456-789abcdef012\",\n?   id?: String,\n?   AND?: PropertyWhereInput | PropertyWhereInput[],\n?   OR?: PropertyWhereInput[],\n?   NOT?: PropertyWhereInput | PropertyWhereInput[],\n?   title?: StringFilter | String,\n?   description?: StringFilter | String,\n?   location?: StringFilter | String,\n?   pricePerNight?: FloatFilter | Float,\n?   bedroomCount?: IntFilter | Int,\n?   bathRoomCount?: IntFilter | Int,\n?   maxGuestCount?: IntFilter | Int,\n?   rating?: IntFilter | Int,\n?   reviews?: ReviewListRelationFilter,\n?   bookings?: BookingListRelationFilter,\n?   amenities?: AmenityListRelationFilter,\n?   host?: HostScalarRelationFilter | HostWhereInput\n  }\n}\n\nArgument `where` of type PropertyWhereUniqueInput needs at least one of `id` arguments. Available options are marked with ?. - DELETE /hosts/c4567890-12de-f012-3456-789abcdef012","timestamp":"2025-01-22T10:38:47.430Z"}
{"level":"error","message":"\nInvalid `prisma.property.deleteMany()` invocation:\n\n\nForeign key constraint violated: `foreign key` - DELETE /hosts/c4567890-12de-f012-3456-789abcdef012","timestamp":"2025-01-22T10:39:53.996Z"}
{"level":"error","message":"\nInvalid `prisma.amenity.deleteMany()` invocation:\n\n{\n  where: {\n    property: {\n    ~~~~~~~~\n      hostId: \"c4567890-12de-f012-3456-789abcdef012\"\n    },\n?   AND?: AmenityWhereInput | AmenityWhereInput[],\n?   OR?: AmenityWhereInput[],\n?   NOT?: AmenityWhereInput | AmenityWhereInput[],\n?   id?: StringFilter | String,\n?   name?: StringFilter | String,\n?   properties?: PropertyListRelationFilter\n  }\n}\n\nUnknown argument `property`. Did you mean `properties`? Available options are marked with ?. - DELETE /hosts/c4567890-12de-f012-3456-789abcdef012","timestamp":"2025-01-22T10:40:28.363Z"}
